#
# There is insufficient memory for the Java Runtime Environment to continue.
# Native memory allocation (mmap) failed to map 163577856 bytes for committing reserved memory.
# Possible reasons:
#   The system is out of physical RAM or swap space
#   In 32 bit mode, the process size limit was hit
# Possible solutions:
#   Reduce memory load on the system
#   Increase physical memory or swap space
#   Check if swap backing store is full
#   Use 64 bit Java on a 64 bit OS
#   Decrease Java heap size (-Xmx/-Xms)
#   Decrease number of Java threads
#   Decrease Java thread stack sizes (-Xss)
#   Set larger code cache with -XX:ReservedCodeCacheSize=
# This output file may be truncated or incomplete.
#
#  Out of Memory Error (os_linux.cpp:2627), pid=20570, tid=0x00007f97a4afa700
#
# JRE version: OpenJDK Runtime Environment (8.0_112-b06) (build 1.8.0_112-release-b06)
# Java VM: OpenJDK 64-Bit Server VM (25.112-b06 mixed mode linux-amd64 compressed oops)
# Failed to write core dump. Core dumps have been disabled. To enable core dumping, try "ulimit -c unlimited" before starting Java again
#

---------------  T H R E A D  ---------------

Current thread (0x00007f97b4077800):  VMThread [stack: 0x00007f97a49fa000,0x00007f97a4afb000] [id=20581]

Stack: [0x00007f97a49fa000,0x00007f97a4afb000],  sp=0x00007f97a4af94c0,  free space=1021k
Native frames: (J=compiled Java code, j=interpreted, Vv=VM code, C=native code)
V  [libjvm.so+0x9e465d]  VMError::report_and_die()+0x15d
V  [libjvm.so+0x4b6ada]  report_vm_out_of_memory(char const*, int, unsigned long, VMErrorType, char const*)+0x8a
V  [libjvm.so+0x84c860]  os::pd_commit_memory(char*, unsigned long, unsigned long, bool)+0xf0
V  [libjvm.so+0x84737f]  os::commit_memory(char*, unsigned long, unsigned long, bool)+0x1f
V  [libjvm.so+0x8bd3db]  PSVirtualSpace::expand_by(unsigned long)+0x5b
V  [libjvm.so+0x8be050]  PSYoungGen::resize_generation(unsigned long, unsigned long)+0xb0
V  [libjvm.so+0x8be36b]  PSYoungGen::resize(unsigned long, unsigned long)+0x1b
V  [libjvm.so+0x8baa5c]  PSScavenge::invoke_no_policy()+0xdac
V  [libjvm.so+0x8bb238]  PSScavenge::invoke()+0x38
V  [libjvm.so+0x86fcf3]  ParallelScavengeHeap::failed_mem_allocate(unsigned long)+0x63
V  [libjvm.so+0x9e6124]  VM_ParallelGCFailedAllocation::doit()+0x84
V  [libjvm.so+0x9ea537]  VM_Operation::evaluate()+0x47
V  [libjvm.so+0x9e8ff8]  VMThread::evaluate_operation(VM_Operation*)+0x2c8
V  [libjvm.so+0x9e9479]  VMThread::loop()+0x219
V  [libjvm.so+0x9e98c2]  VMThread::run()+0x72
V  [libjvm.so+0x849c82]  java_start(Thread*)+0xf2

VM_Operation (0x00007f979dbf9d30): ParallelGCFailedAllocation, mode: safepoint, requested by thread 0x00007f97b4140000


---------------  P R O C E S S  ---------------

Java Threads: ( => current thread )
  0x00007f97b4142000 JavaThread "pool-2-thread-4" [_thread_blocked, id=20594, stack(0x00007f979d9fa000,0x00007f979dafb000)]
  0x00007f97b4140000 JavaThread "pool-2-thread-3" [_thread_blocked, id=20593, stack(0x00007f979dafb000,0x00007f979dbfc000)]
  0x00007f97b413c800 JavaThread "pool-2-thread-2" [_thread_blocked, id=20592, stack(0x00007f979dbfc000,0x00007f979dcfd000)]
  0x00007f97b413a000 JavaThread "pool-3-thread-1" [_thread_blocked, id=20591, stack(0x00007f979dcfd000,0x00007f979ddfe000)]
  0x00007f97b4139000 JavaThread "pool-2-thread-1" [_thread_blocked, id=20590, stack(0x00007f979ddfe000,0x00007f979deff000)]
  0x00007f97b40c0800 JavaThread "Service Thread" daemon [_thread_blocked, id=20588, stack(0x00007f97a401a000,0x00007f97a411b000)]
  0x00007f97b40be000 JavaThread "C1 CompilerThread2" daemon [_thread_blocked, id=20587, stack(0x00007f97a411b000,0x00007f97a421c000)]
  0x00007f97b40bc000 JavaThread "C2 CompilerThread1" daemon [_thread_blocked, id=20586, stack(0x00007f97a421c000,0x00007f97a431d000)]
  0x00007f97b40b9000 JavaThread "C2 CompilerThread0" daemon [_thread_blocked, id=20585, stack(0x00007f97a431d000,0x00007f97a441e000)]
  0x00007f97b40b8000 JavaThread "Signal Dispatcher" daemon [_thread_blocked, id=20584, stack(0x00007f97a441e000,0x00007f97a451f000)]
  0x00007f97b4084000 JavaThread "Finalizer" daemon [_thread_blocked, id=20583, stack(0x00007f97a47f8000,0x00007f97a48f9000)]
  0x00007f97b407f800 JavaThread "Reference Handler" daemon [_thread_blocked, id=20582, stack(0x00007f97a48f9000,0x00007f97a49fa000)]
  0x00007f97b400a000 JavaThread "main" [_thread_blocked, id=20576, stack(0x00007f97bd068000,0x00007f97bd169000)]

Other Threads:
=>0x00007f97b4077800 VMThread [stack: 0x00007f97a49fa000,0x00007f97a4afb000] [id=20581]
  0x00007f97b40c3000 WatcherThread [stack: 0x00007f979deff000,0x00007f979e000000] [id=20589]

VM state:at safepoint (normal execution)

VM Mutex/Monitor currently owned by a thread:  ([mutex/lock_event])
[0x00007f97b4006850] Threads_lock - owner thread: 0x00007f97b4077800
[0x00007f97b4006d50] Heap_lock - owner thread: 0x00007f97b4140000

Heap:
 PSYoungGen      total 117248K, used 4590K [0x00000000eab00000, 0x00000000f2200000, 0x0000000100000000)
  eden space 112640K, 0% used [0x00000000eab00000,0x00000000eab00000,0x00000000f1900000)
  from space 4608K, 99% used [0x00000000f1900000,0x00000000f1d7bb98,0x00000000f1d80000)
  to   space 4608K, 0% used [0x00000000f1d80000,0x00000000f1d80000,0x00000000f2200000)
 ParOldGen       total 75264K, used 58360K [0x00000000c0000000, 0x00000000c4980000, 0x00000000eab00000)
  object space 75264K, 77% used [0x00000000c0000000,0x00000000c38fe3d8,0x00000000c4980000)
 Metaspace       used 5859K, capacity 7024K, committed 7296K, reserved 1056768K
  class space    used 556K, capacity 616K, committed 640K, reserved 1048576K

Card table byte_map: [0x00007f97b9cf6000,0x00007f97b9ef7000] byte_map_base: 0x00007f97b96f6000

Marking Bits: (ParMarkBitMap*) 0x00007f97bc533340
 Begin Bits: [0x00007f979e000000, 0x00007f979f000000)
 End Bits:   [0x00007f979f000000, 0x00007f97a0000000)

Polling page: 0x00007f97bd185000

CodeCache: size=245760Kb used=6656Kb max_used=6656Kb free=239103Kb
 bounds [0x00007f97a5000000, 0x00007f97a5690000, 0x00007f97b4000000]
 total_blobs=1870 nmethods=1610 adapters=175
 compilation: enabled

Compilation events (10 events):
Event: 1.872 Thread 0x00007f97b40be000 1687       2       com.android.dx.cf.attrib.AttLineNumberTable::byteLength (13 bytes)
Event: 1.872 Thread 0x00007f97b40be000 nmethod 1687 0x00007f97a5656410 code [0x00007f97a5656580, 0x00007f97a56566f0]
Event: 1.874 Thread 0x00007f97b40be000 1689       2       com.android.dx.cf.code.LineNumberList::concat (92 bytes)
Event: 1.875 Thread 0x00007f97b40be000 nmethod 1689 0x00007f97a566d390 code [0x00007f97a566d600, 0x00007f97a566e1e8]
Event: 1.875 Thread 0x00007f97b40be000 1691       1       com.android.dx.cf.code.OneLocalsArray::getOrNull (7 bytes)
Event: 1.875 Thread 0x00007f97b40be000 nmethod 1691 0x00007f97a5652f10 code [0x00007f97a5653060, 0x00007f97a5653190]
Event: 1.875 Thread 0x00007f97b40be000 1690       2       com.android.dx.cf.code.OneLocalsArray::getMaxLocals (6 bytes)
Event: 1.875 Thread 0x00007f97b40be000 nmethod 1690 0x00007f97a566d050 code [0x00007f97a566d1a0, 0x00007f97a566d2f0]
Event: 1.876 Thread 0x00007f97b40be000 1692       3       com.android.dx.ssa.SCCP::simulateBranch (666 bytes)
Event: 1.878 Thread 0x00007f97b40be000 nmethod 1692 0x00007f97a5682450 code [0x00007f97a5682900, 0x00007f97a5686438]

GC Heap History (9 events):
Event: 0.376 GC heap before
{Heap before GC invocations=1 (full 0):
 PSYoungGen      total 32768K, used 28160K [0x00000000eab00000, 0x00000000ecf80000, 0x0000000100000000)
  eden space 28160K, 100% used [0x00000000eab00000,0x00000000ec680000,0x00000000ec680000)
  from space 4608K, 0% used [0x00000000ecb00000,0x00000000ecb00000,0x00000000ecf80000)
  to   space 4608K, 0% used [0x00000000ec680000,0x00000000ec680000,0x00000000ecb00000)
 ParOldGen       total 75264K, used 0K [0x00000000c0000000, 0x00000000c4980000, 0x00000000eab00000)
  object space 75264K, 0% used [0x00000000c0000000,0x00000000c0000000,0x00000000c4980000)
 Metaspace       used 5507K, capacity 6768K, committed 7040K, reserved 1056768K
  class space    used 551K, capacity 616K, committed 640K, reserved 1048576K
Event: 0.385 GC heap after
Heap after GC invocations=1 (full 0):
 PSYoungGen      total 32768K, used 4607K [0x00000000eab00000, 0x00000000eeb00000, 0x0000000100000000)
  eden space 28160K, 0% used [0x00000000eab00000,0x00000000eab00000,0x00000000ec680000)
  from space 4608K, 99% used [0x00000000ec680000,0x00000000ecaffe50,0x00000000ecb00000)
  to   space 4608K, 0% used [0x00000000ee680000,0x00000000ee680000,0x00000000eeb00000)
 ParOldGen       total 75264K, used 2592K [0x00000000c0000000, 0x00000000c4980000, 0x00000000eab00000)
  object space 75264K, 3% used [0x00000000c0000000,0x00000000c02880f8,0x00000000c4980000)
 Metaspace       used 5507K, capacity 6768K, committed 7040K, reserved 1056768K
  class space    used 551K, capacity 616K, committed 640K, reserved 1048576K
}
Event: 0.562 GC heap before
{Heap before GC invocations=2 (full 0):
 PSYoungGen      total 32768K, used 32767K [0x00000000eab00000, 0x00000000eeb00000, 0x0000000100000000)
  eden space 28160K, 100% used [0x00000000eab00000,0x00000000ec680000,0x00000000ec680000)
  from space 4608K, 99% used [0x00000000ec680000,0x00000000ecaffe50,0x00000000ecb00000)
  to   space 4608K, 0% used [0x00000000ee680000,0x00000000ee680000,0x00000000eeb00000)
 ParOldGen       total 75264K, used 2592K [0x00000000c0000000, 0x00000000c4980000, 0x00000000eab00000)
  object space 75264K, 3% used [0x00000000c0000000,0x00000000c02880f8,0x00000000c4980000)
 Metaspace       used 5627K, capacity 6832K, committed 7040K, reserved 1056768K
  class space    used 554K, capacity 616K, committed 640K, reserved 1048576K
Event: 0.572 GC heap after
Heap after GC invocations=2 (full 0):
 PSYoungGen      total 60928K, used 4583K [0x00000000eab00000, 0x00000000eeb00000, 0x0000000100000000)
  eden space 56320K, 0% used [0x00000000eab00000,0x00000000eab00000,0x00000000ee200000)
  from space 4608K, 99% used [0x00000000ee680000,0x00000000eeaf9d58,0x00000000eeb00000)
  to   space 4608K, 0% used [0x00000000ee200000,0x00000000ee200000,0x00000000ee680000)
 ParOldGen       total 75264K, used 10390K [0x00000000c0000000, 0x00000000c4980000, 0x00000000eab00000)
  object space 75264K, 13% used [0x00000000c0000000,0x00000000c0a25ab8,0x00000000c4980000)
 Metaspace       used 5627K, capacity 6832K, committed 7040K, reserved 1056768K
  class space    used 554K, capacity 616K, committed 640K, reserved 1048576K
}
Event: 0.962 GC heap before
{Heap before GC invocations=3 (full 0):
 PSYoungGen      total 60928K, used 60903K [0x00000000eab00000, 0x00000000eeb00000, 0x0000000100000000)
  eden space 56320K, 100% used [0x00000000eab00000,0x00000000ee200000,0x00000000ee200000)
  from space 4608K, 99% used [0x00000000ee680000,0x00000000eeaf9d58,0x00000000eeb00000)
  to   space 4608K, 0% used [0x00000000ee200000,0x00000000ee200000,0x00000000ee680000)
 ParOldGen       total 75264K, used 10390K [0x00000000c0000000, 0x00000000c4980000, 0x00000000eab00000)
  object space 75264K, 13% used [0x00000000c0000000,0x00000000c0a25ab8,0x00000000c4980000)
 Metaspace       used 5736K, capacity 6960K, committed 7040K, reserved 1056768K
  class space    used 555K, capacity 616K, committed 640K, reserved 1048576K
Event: 0.992 GC heap after
Heap after GC invocations=3 (full 0):
 PSYoungGen      total 60928K, used 4597K [0x00000000eab00000, 0x00000000f2200000, 0x0000000100000000)
  eden space 56320K, 0% used [0x00000000eab00000,0x00000000eab00000,0x00000000ee200000)
  from space 4608K, 99% used [0x00000000ee200000,0x00000000ee67d488,0x00000000ee680000)
  to   space 4608K, 0% used [0x00000000f1d80000,0x00000000f1d80000,0x00000000f2200000)
 ParOldGen       total 75264K, used 26078K [0x00000000c0000000, 0x00000000c4980000, 0x00000000eab00000)
  object space 75264K, 34% used [0x00000000c0000000,0x00000000c1977850,0x00000000c4980000)
 Metaspace       used 5736K, capacity 6960K, committed 7040K, reserved 1056768K
  class space    used 555K, capacity 616K, committed 640K, reserved 1048576K
}
Event: 1.263 GC heap before
{Heap before GC invocations=4 (full 0):
 PSYoungGen      total 60928K, used 60917K [0x00000000eab00000, 0x00000000f2200000, 0x0000000100000000)
  eden space 56320K, 100% used [0x00000000eab00000,0x00000000ee200000,0x00000000ee200000)
  from space 4608K, 99% used [0x00000000ee200000,0x00000000ee67d488,0x00000000ee680000)
  to   space 4608K, 0% used [0x00000000f1d80000,0x00000000f1d80000,0x00000000f2200000)
 ParOldGen       total 75264K, used 26078K [0x00000000c0000000, 0x00000000c4980000, 0x00000000eab00000)
  object space 75264K, 34% used [0x00000000c0000000,0x00000000c1977850,0x00000000c4980000)
 Metaspace       used 5788K, capacity 6960K, committed 7040K, reserved 1056768K
  class space    used 556K, capacity 616K, committed 640K, reserved 1048576K
Event: 1.297 GC heap after
Heap after GC invocations=4 (full 0):
 PSYoungGen      total 117248K, used 4582K [0x00000000eab00000, 0x00000000f2200000, 0x0000000100000000)
  eden space 112640K, 0% used [0x00000000eab00000,0x00000000eab00000,0x00000000f1900000)
  from space 4608K, 99% used [0x00000000f1d80000,0x00000000f21f9bb8,0x00000000f2200000)
  to   space 4608K, 0% used [0x00000000f1900000,0x00000000f1900000,0x00000000f1d80000)
 ParOldGen       total 75264K, used 41667K [0x00000000c0000000, 0x00000000c4980000, 0x00000000eab00000)
  object space 75264K, 55% used [0x00000000c0000000,0x00000000c28b0ff0,0x00000000c4980000)
 Metaspace       used 5788K, capacity 6960K, committed 7040K, reserved 1056768K
  class space    used 556K, capacity 616K, committed 640K, reserved 1048576K
}
Event: 1.879 GC heap before
{Heap before GC invocations=5 (full 0):
 PSYoungGen      total 117248K, used 117222K [0x00000000eab00000, 0x00000000f2200000, 0x0000000100000000)
  eden space 112640K, 100% used [0x00000000eab00000,0x00000000f1900000,0x00000000f1900000)
  from space 4608K, 99% used [0x00000000f1d80000,0x00000000f21f9bb8,0x00000000f2200000)
  to   space 4608K, 0% used [0x00000000f1900000,0x00000000f1900000,0x00000000f1d80000)
 ParOldGen       total 75264K, used 41667K [0x00000000c0000000, 0x00000000c4980000, 0x00000000eab00000)
  object space 75264K, 55% used [0x00000000c0000000,0x00000000c28b0ff0,0x00000000c4980000)
 Metaspace       used 5859K, capacity 7024K, committed 7296K, reserved 1056768K
  class space    used 556K, capacity 616K, committed 640K, reserved 1048576K

Deoptimization events (10 events):
Event: 0.336 Thread 0x00007f97b413c800 Uncommon trap: reason=unloaded action=reinterpret pc=0x00007f97a525f0a4 method=com.android.dx.ssa.SsaRenamer$BlockRenamer.visitMoveInsn(Lcom/android/dx/ssa/NormalSsaInsn;)V @ 208
Event: 0.578 Thread 0x00007f97b413c800 Uncommon trap: reason=unstable_if action=reinterpret pc=0x00007f97a51f00b8 method=java.util.BitSet.ensureCapacity(I)V @ 6
Event: 0.646 Thread 0x00007f97b400a000 Uncommon trap: reason=null_check action=make_not_entrant pc=0x00007f97a5251ce8 method=com.android.dx.rop.type.Type.equals(Ljava/lang/Object;)Z @ 8
Event: 0.678 Thread 0x00007f97b413c800 Uncommon trap: reason=unstable_if action=reinterpret pc=0x00007f97a516fa1c method=com.android.dx.rop.cst.Constant.compareTo(Lcom/android/dx/rop/cst/Constant;)I @ 12
Event: 0.694 Thread 0x00007f97b413c800 Uncommon trap: reason=unstable_if action=reinterpret pc=0x00007f97a53cbb58 method=com.android.dx.ssa.SsaRenamer$BlockRenamer.visitMoveInsn(Lcom/android/dx/ssa/NormalSsaInsn;)V @ 104
Event: 1.871 Thread 0x00007f97b400a000 Uncommon trap: reason=null_check action=make_not_entrant pc=0x00007f97a563ba68 method=com.android.dx.rop.type.Type.putIntern(Lcom/android/dx/rop/type/Type;)Lcom/android/dx/rop/type/Type; @ 18
Event: 1.876 Thread 0x00007f97b4142000 Uncommon trap: reason=unstable_if action=reinterpret pc=0x00007f97a565dc7c method=com.android.dx.ssa.SCCP.simulateBranch(Lcom/android/dx/ssa/SsaInsn;)V @ 64
Event: 1.876 Thread 0x00007f97b4142000 Uncommon trap: reason=bimorphic action=maybe_recompile pc=0x00007f97a55f84bc method=com.android.dx.rop.code.InsnList.contentEquals(Lcom/android/dx/rop/code/InsnList;)Z @ 38
Event: 1.876 Thread 0x00007f97b4142000 Uncommon trap: reason=bimorphic action=maybe_recompile pc=0x00007f97a55f84bc method=com.android.dx.rop.code.InsnList.contentEquals(Lcom/android/dx/rop/code/InsnList;)Z @ 38
Event: 1.876 Thread 0x00007f97b4142000 Uncommon trap: reason=bimorphic action=maybe_recompile pc=0x00007f97a55f84bc method=com.android.dx.rop.code.InsnList.contentEquals(Lcom/android/dx/rop/code/InsnList;)Z @ 38

Internal exceptions (4 events):
Event: 0.048 Thread 0x00007f97b400a000 Exception <a 'java/lang/NoSuchMethodError': Method sun.misc.Unsafe.defineClass(Ljava/lang/String;[BII)Ljava/lang/Class; name or signature does not match> (0x00000000eab07c78) thrown at [/ssd/Android/AOSP-openjdk/external/jetbrains/jdk/hotspot/src/share/vm
Event: 0.048 Thread 0x00007f97b400a000 Exception <a 'java/lang/NoSuchMethodError': Method sun.misc.Unsafe.prefetchRead(Ljava/lang/Object;J)V name or signature does not match> (0x00000000eab07f60) thrown at [/ssd/Android/AOSP-openjdk/external/jetbrains/jdk/hotspot/src/share/vm/prims/jni.cpp, li
Event: 0.646 Thread 0x00007f97b400a000 Implicit null exception at 0x00007f97a5251be2 to 0x00007f97a5251cdb
Event: 1.871 Thread 0x00007f97b400a000 Implicit null exception at 0x00007f97a5632787 to 0x00007f97a563ba31

Events (10 events):
Event: 1.876 Thread 0x00007f97b4142000 Uncommon trap: trap_request=0xffffffc6 fr.pc=0x00007f97a55f84bc
Event: 1.876 Thread 0x00007f97b4142000 DEOPT PACKING pc=0x00007f97a55f84bc sp=0x00007f979daf9250
Event: 1.876 Thread 0x00007f97b4142000 DEOPT UNPACKING pc=0x00007f97a5004f69 sp=0x00007f979daf9210 mode 2
Event: 1.876 Thread 0x00007f97b4142000 Uncommon trap: trap_request=0xffffffc6 fr.pc=0x00007f97a55f84bc
Event: 1.876 Thread 0x00007f97b4142000 DEOPT PACKING pc=0x00007f97a55f84bc sp=0x00007f979daf9250
Event: 1.876 Thread 0x00007f97b4142000 DEOPT UNPACKING pc=0x00007f97a5004f69 sp=0x00007f979daf9210 mode 2
Event: 1.876 Thread 0x00007f97b4142000 Uncommon trap: trap_request=0xffffffc6 fr.pc=0x00007f97a55f84bc
Event: 1.876 Thread 0x00007f97b4142000 DEOPT PACKING pc=0x00007f97a55f84bc sp=0x00007f979daf9250
Event: 1.876 Thread 0x00007f97b4142000 DEOPT UNPACKING pc=0x00007f97a5004f69 sp=0x00007f979daf9210 mode 2
Event: 1.878 Executing VM operation: ParallelGCFailedAllocation


Dynamic libraries:
00400000-00401000 r-xp 00000000 08:03 151156                             /media/mr-mou/CA06C3A006C38C3F/Ubuntu/android-studio/jre/bin/java
00600000-00601000 r--p 00000000 08:03 151156                             /media/mr-mou/CA06C3A006C38C3F/Ubuntu/android-studio/jre/bin/java
00601000-00602000 rw-p 00001000 08:03 151156                             /media/mr-mou/CA06C3A006C38C3F/Ubuntu/android-studio/jre/bin/java
0078a000-007ab000 rw-p 00000000 00:00 0                                  [heap]
c0000000-c4980000 rw-p 00000000 00:00 0 
c4980000-eab00000 ---p 00000000 00:00 0 
eab00000-f2200000 rw-p 00000000 00:00 0 
fbe00000-100000000 ---p 00000000 00:00 0 
100000000-1000a0000 rw-p 00000000 00:00 0 
1000a0000-140000000 ---p 00000000 00:00 0 
7f9750000000-7f975006e000 rw-p 00000000 00:00 0 
7f975006e000-7f9754000000 ---p 00000000 00:00 0 
7f9754000000-7f97540a9000 rw-p 00000000 00:00 0 
7f97540a9000-7f9758000000 ---p 00000000 00:00 0 
7f9758000000-7f9758021000 rw-p 00000000 00:00 0 
7f9758021000-7f975c000000 ---p 00000000 00:00 0 
7f975c000000-7f975c060000 rw-p 00000000 00:00 0 
7f975c060000-7f9760000000 ---p 00000000 00:00 0 
7f9760000000-7f9760021000 rw-p 00000000 00:00 0 
7f9760021000-7f9764000000 ---p 00000000 00:00 0 
7f9764000000-7f97640e4000 rw-p 00000000 00:00 0 
7f97640e4000-7f9768000000 ---p 00000000 00:00 0 
7f9768000000-7f9768a13000 rw-p 00000000 00:00 0 
7f9768a13000-7f976c000000 ---p 00000000 00:00 0 
7f976c000000-7f976c021000 rw-p 00000000 00:00 0 
7f976c021000-7f9770000000 ---p 00000000 00:00 0 
7f9770000000-7f9770aef000 rw-p 00000000 00:00 0 
7f9770aef000-7f9774000000 ---p 00000000 00:00 0 
7f9774000000-7f9774f8a000 rw-p 00000000 00:00 0 
7f9774f8a000-7f9778000000 ---p 00000000 00:00 0 
7f9778000000-7f9778021000 rw-p 00000000 00:00 0 
7f9778021000-7f977c000000 ---p 00000000 00:00 0 
7f977c000000-7f977c021000 rw-p 00000000 00:00 0 
7f977c021000-7f9780000000 ---p 00000000 00:00 0 
7f9780000000-7f978027e000 rw-p 00000000 00:00 0 
7f978027e000-7f9784000000 ---p 00000000 00:00 0 
7f9784000000-7f9784021000 rw-p 00000000 00:00 0 
7f9784021000-7f9788000000 ---p 00000000 00:00 0 
7f9788000000-7f9788021000 rw-p 00000000 00:00 0 
7f9788021000-7f978c000000 ---p 00000000 00:00 0 
7f9790000000-7f9790021000 rw-p 00000000 00:00 0 
7f9790021000-7f9794000000 ---p 00000000 00:00 0 
7f9798000000-7f9798021000 rw-p 00000000 00:00 0 
7f9798021000-7f979c000000 ---p 00000000 00:00 0 
7f979d9fa000-7f979d9fd000 ---p 00000000 00:00 0 
7f979d9fd000-7f979dafb000 rw-p 00000000 00:00 0 
7f979dafb000-7f979dafe000 ---p 00000000 00:00 0 
7f979dafe000-7f979dbfc000 rw-p 00000000 00:00 0 
7f979dbfc000-7f979dbff000 ---p 00000000 00:00 0 
7f979dbff000-7f979dcfd000 rw-p 00000000 00:00 0 
7f979dcfd000-7f979dd00000 ---p 00000000 00:00 0 
7f979dd00000-7f979ddfe000 rw-p 00000000 00:00 0 
7f979ddfe000-7f979de01000 ---p 00000000 00:00 0 
7f979de01000-7f979deff000 rw-p 00000000 00:00 0 
7f979deff000-7f979df00000 ---p 00000000 00:00 0 
7f979df00000-7f97a0000000 rw-p 00000000 00:00 0 
7f97a0000000-7f97a0021000 rw-p 00000000 00:00 0 
7f97a0021000-7f97a4000000 ---p 00000000 00:00 0 
7f97a401a000-7f97a401d000 ---p 00000000 00:00 0 
7f97a401d000-7f97a411b000 rw-p 00000000 00:00 0 
7f97a411b000-7f97a411e000 ---p 00000000 00:00 0 
7f97a411e000-7f97a421c000 rw-p 00000000 00:00 0 
7f97a421c000-7f97a421f000 ---p 00000000 00:00 0 
7f97a421f000-7f97a431d000 rw-p 00000000 00:00 0 
7f97a431d000-7f97a4320000 ---p 00000000 00:00 0 
7f97a4320000-7f97a441e000 rw-p 00000000 00:00 0 
7f97a441e000-7f97a4421000 ---p 00000000 00:00 0 
7f97a4421000-7f97a451f000 rw-p 00000000 00:00 0 
7f97a451f000-7f97a47f8000 r--p 00000000 08:05 2490558                    /usr/lib/locale/locale-archive
7f97a47f8000-7f97a47fb000 ---p 00000000 00:00 0 
7f97a47fb000-7f97a48f9000 rw-p 00000000 00:00 0 
7f97a48f9000-7f97a48fc000 ---p 00000000 00:00 0 
7f97a48fc000-7f97a49fa000 rw-p 00000000 00:00 0 
7f97a49fa000-7f97a49fb000 ---p 00000000 00:00 0 
7f97a49fb000-7f97a5000000 rw-p 00000000 00:00 0 
7f97a5000000-7f97a5690000 rwxp 00000000 00:00 0 
7f97a5690000-7f97b4000000 ---p 00000000 00:00 0 
7f97b4000000-7f97b4390000 rw-p 00000000 00:00 0 
7f97b4390000-7f97b8000000 ---p 00000000 00:00 0 
7f97b809c000-7f97b8b57000 rw-p 00000000 00:00 0 
7f97b8b57000-7f97b8d26000 r--s 03c1b000 08:03 151213                     /media/mr-mou/CA06C3A006C38C3F/Ubuntu/android-studio/jre/jre/lib/rt.jar
7f97b8d26000-7f97b941c000 rw-p 00000000 00:00 0 
7f97b941c000-7f97b959c000 ---p 00000000 00:00 0 
7f97b959c000-7f97b979c000 rw-p 00000000 00:00 0 
7f97b979c000-7f97b979d000 ---p 00000000 00:00 0 
7f97b979d000-7f97b989d000 rw-p 00000000 00:00 0 
7f97b989d000-7f97b989e000 ---p 00000000 00:00 0 
7f97b989e000-7f97b999e000 rw-p 00000000 00:00 0 
7f97b999e000-7f97b999f000 ---p 00000000 00:00 0 
7f97b999f000-7f97b9a9f000 rw-p 00000000 00:00 0 
7f97b9a9f000-7f97b9aa0000 ---p 00000000 00:00 0 
7f97b9aa0000-7f97b9bc5000 rw-p 00000000 00:00 0 
7f97b9bc5000-7f97b9cf6000 ---p 00000000 00:00 0 
7f97b9cf6000-7f97b9d1b000 rw-p 00000000 00:00 0 
7f97b9d1b000-7f97b9e4b000 ---p 00000000 00:00 0 
7f97b9e4b000-7f97b9e87000 rw-p 00000000 00:00 0 
7f97b9e87000-7f97b9ef6000 ---p 00000000 00:00 0 
7f97b9ef6000-7f97b9f12000 rw-p 00000000 00:00 0 
7f97b9f12000-7f97ba2b7000 ---p 00000000 00:00 0 
7f97ba2b7000-7f97ba2d1000 r-xp 00000000 08:03 151240                     /media/mr-mou/CA06C3A006C38C3F/Ubuntu/android-studio/jre/jre/lib/amd64/libzip.so
7f97ba2d1000-7f97ba4d1000 ---p 0001a000 08:03 151240                     /media/mr-mou/CA06C3A006C38C3F/Ubuntu/android-studio/jre/jre/lib/amd64/libzip.so
7f97ba4d1000-7f97ba4d2000 r--p 0001a000 08:03 151240                     /media/mr-mou/CA06C3A006C38C3F/Ubuntu/android-studio/jre/jre/lib/amd64/libzip.so
7f97ba4d2000-7f97ba4d3000 rw-p 0001b000 08:03 151240                     /media/mr-mou/CA06C3A006C38C3F/Ubuntu/android-studio/jre/jre/lib/amd64/libzip.so
7f97ba4d3000-7f97ba4de000 r-xp 00000000 08:05 138301                     /lib/x86_64-linux-gnu/libnss_files-2.23.so
7f97ba4de000-7f97ba6dd000 ---p 0000b000 08:05 138301                     /lib/x86_64-linux-gnu/libnss_files-2.23.so
7f97ba6dd000-7f97ba6de000 r--p 0000a000 08:05 138301                     /lib/x86_64-linux-gnu/libnss_files-2.23.so
7f97ba6de000-7f97ba6df000 rw-p 0000b000 08:05 138301                     /lib/x86_64-linux-gnu/libnss_files-2.23.so
7f97ba6df000-7f97ba6e5000 rw-p 00000000 00:00 0 
7f97ba6e5000-7f97ba6f0000 r-xp 00000000 08:05 138294                     /lib/x86_64-linux-gnu/libnss_nis-2.23.so
7f97ba6f0000-7f97ba8ef000 ---p 0000b000 08:05 138294                     /lib/x86_64-linux-gnu/libnss_nis-2.23.so
7f97ba8ef000-7f97ba8f0000 r--p 0000a000 08:05 138294                     /lib/x86_64-linux-gnu/libnss_nis-2.23.so
7f97ba8f0000-7f97ba8f1000 rw-p 0000b000 08:05 138294                     /lib/x86_64-linux-gnu/libnss_nis-2.23.so
7f97ba8f1000-7f97ba907000 r-xp 00000000 08:05 138296                     /lib/x86_64-linux-gnu/libnsl-2.23.so
7f97ba907000-7f97bab06000 ---p 00016000 08:05 138296                     /lib/x86_64-linux-gnu/libnsl-2.23.so
7f97bab06000-7f97bab07000 r--p 00015000 08:05 138296                     /lib/x86_64-linux-gnu/libnsl-2.23.so
7f97bab07000-7f97bab08000 rw-p 00016000 08:05 138296                     /lib/x86_64-linux-gnu/libnsl-2.23.so
7f97bab08000-7f97bab0a000 rw-p 00000000 00:00 0 
7f97bab0a000-7f97bab12000 r-xp 00000000 08:05 138303                     /lib/x86_64-linux-gnu/libnss_compat-2.23.so
7f97bab12000-7f97bad11000 ---p 00008000 08:05 138303                     /lib/x86_64-linux-gnu/libnss_compat-2.23.so
7f97bad11000-7f97bad12000 r--p 00007000 08:05 138303                     /lib/x86_64-linux-gnu/libnss_compat-2.23.so
7f97bad12000-7f97bad13000 rw-p 00008000 08:05 138303                     /lib/x86_64-linux-gnu/libnss_compat-2.23.so
7f97bad13000-7f97bad40000 r-xp 00000000 08:03 151250                     /media/mr-mou/CA06C3A006C38C3F/Ubuntu/android-studio/jre/jre/lib/amd64/libjava.so
7f97bad40000-7f97baf3f000 ---p 0002d000 08:03 151250                     /media/mr-mou/CA06C3A006C38C3F/Ubuntu/android-studio/jre/jre/lib/amd64/libjava.so
7f97baf3f000-7f97baf40000 r--p 0002c000 08:03 151250                     /media/mr-mou/CA06C3A006C38C3F/Ubuntu/android-studio/jre/jre/lib/amd64/libjava.so
7f97baf40000-7f97baf42000 rw-p 0002d000 08:03 151250                     /media/mr-mou/CA06C3A006C38C3F/Ubuntu/android-studio/jre/jre/lib/amd64/libjava.so
7f97baf42000-7f97baf52000 r-xp 00000000 08:03 151266                     /media/mr-mou/CA06C3A006C38C3F/Ubuntu/android-studio/jre/jre/lib/amd64/libverify.so
7f97baf52000-7f97bb151000 ---p 00010000 08:03 151266                     /media/mr-mou/CA06C3A006C38C3F/Ubuntu/android-studio/jre/jre/lib/amd64/libverify.so
7f97bb151000-7f97bb153000 r--p 0000f000 08:03 151266                     /media/mr-mou/CA06C3A006C38C3F/Ubuntu/android-studio/jre/jre/lib/amd64/libverify.so
7f97bb153000-7f97bb154000 rw-p 00011000 08:03 151266                     /media/mr-mou/CA06C3A006C38C3F/Ubuntu/android-studio/jre/jre/lib/amd64/libverify.so
7f97bb154000-7f97bb15b000 r-xp 00000000 08:05 138304                     /lib/x86_64-linux-gnu/librt-2.23.so
7f97bb15b000-7f97bb35a000 ---p 00007000 08:05 138304                     /lib/x86_64-linux-gnu/librt-2.23.so
7f97bb35a000-7f97bb35b000 r--p 00006000 08:05 138304                     /lib/x86_64-linux-gnu/librt-2.23.so
7f97bb35b000-7f97bb35c000 rw-p 00007000 08:05 138304                     /lib/x86_64-linux-gnu/librt-2.23.so
7f97bb35c000-7f97bb464000 r-xp 00000000 08:05 138295                     /lib/x86_64-linux-gnu/libm-2.23.so
7f97bb464000-7f97bb663000 ---p 00108000 08:05 138295                     /lib/x86_64-linux-gnu/libm-2.23.so
7f97bb663000-7f97bb664000 r--p 00107000 08:05 138295                     /lib/x86_64-linux-gnu/libm-2.23.so
7f97bb664000-7f97bb665000 rw-p 00108000 08:05 138295                     /lib/x86_64-linux-gnu/libm-2.23.so
7f97bb665000-7f97bc256000 r-xp 00000000 08:03 151270                     /media/mr-mou/CA06C3A006C38C3F/Ubuntu/android-studio/jre/jre/lib/amd64/server/libjvm.so
7f97bc256000-7f97bc456000 ---p 00bf1000 08:03 151270                     /media/mr-mou/CA06C3A006C38C3F/Ubuntu/android-studio/jre/jre/lib/amd64/server/libjvm.so
7f97bc456000-7f97bc4f5000 r--p 00bf1000 08:03 151270                     /media/mr-mou/CA06C3A006C38C3F/Ubuntu/android-studio/jre/jre/lib/amd64/server/libjvm.so
7f97bc4f5000-7f97bc51e000 rw-p 00c90000 08:03 151270                     /media/mr-mou/CA06C3A006C38C3F/Ubuntu/android-studio/jre/jre/lib/amd64/server/libjvm.so
7f97bc51e000-7f97bc562000 rw-p 00000000 00:00 0 
7f97bc562000-7f97bc57a000 r-xp 00000000 08:05 138308                     /lib/x86_64-linux-gnu/libpthread-2.23.so
7f97bc57a000-7f97bc779000 ---p 00018000 08:05 138308                     /lib/x86_64-linux-gnu/libpthread-2.23.so
7f97bc779000-7f97bc77a000 r--p 00017000 08:05 138308                     /lib/x86_64-linux-gnu/libpthread-2.23.so
7f97bc77a000-7f97bc77b000 rw-p 00018000 08:05 138308                     /lib/x86_64-linux-gnu/libpthread-2.23.so
7f97bc77b000-7f97bc77f000 rw-p 00000000 00:00 0 
7f97bc77f000-7f97bc782000 r-xp 00000000 08:05 138293                     /lib/x86_64-linux-gnu/libdl-2.23.so
7f97bc782000-7f97bc981000 ---p 00003000 08:05 138293                     /lib/x86_64-linux-gnu/libdl-2.23.so
7f97bc981000-7f97bc982000 r--p 00002000 08:05 138293                     /lib/x86_64-linux-gnu/libdl-2.23.so
7f97bc982000-7f97bc983000 rw-p 00003000 08:05 138293                     /lib/x86_64-linux-gnu/libdl-2.23.so
7f97bc983000-7f97bcb42000 r-xp 00000000 08:05 138297                     /lib/x86_64-linux-gnu/libc-2.23.so
7f97bcb42000-7f97bcd42000 ---p 001bf000 08:05 138297                     /lib/x86_64-linux-gnu/libc-2.23.so
7f97bcd42000-7f97bcd46000 r--p 001bf000 08:05 138297                     /lib/x86_64-linux-gnu/libc-2.23.so
7f97bcd46000-7f97bcd48000 rw-p 001c3000 08:05 138297                     /lib/x86_64-linux-gnu/libc-2.23.so
7f97bcd48000-7f97bcd4c000 rw-p 00000000 00:00 0 
7f97bcd4c000-7f97bcd62000 r-xp 00000000 08:03 151130                     /media/mr-mou/CA06C3A006C38C3F/Ubuntu/android-studio/jre/lib/amd64/jli/libjli.so
7f97bcd62000-7f97bcf61000 ---p 00016000 08:03 151130                     /media/mr-mou/CA06C3A006C38C3F/Ubuntu/android-studio/jre/lib/amd64/jli/libjli.so
7f97bcf61000-7f97bcf62000 r--p 00015000 08:03 151130                     /media/mr-mou/CA06C3A006C38C3F/Ubuntu/android-studio/jre/lib/amd64/jli/libjli.so
7f97bcf62000-7f97bcf63000 rw-p 00016000 08:03 151130                     /media/mr-mou/CA06C3A006C38C3F/Ubuntu/android-studio/jre/lib/amd64/jli/libjli.so
7f97bcf63000-7f97bcf89000 r-xp 00000000 08:05 138298                     /lib/x86_64-linux-gnu/ld-2.23.so
7f97bcf8f000-7f97bd068000 rw-p 00000000 00:00 0 
7f97bd068000-7f97bd06b000 ---p 00000000 00:00 0 
7f97bd06b000-7f97bd16d000 rw-p 00000000 00:00 0 
7f97bd16e000-7f97bd17c000 r--s 000e0000 08:05 2372391                    /home/mr-mou/Android/Sdk/build-tools/25.0.0/lib/dx.jar
7f97bd17c000-7f97bd184000 rw-s 00000000 08:05 2372640                    /tmp/hsperfdata_mr-mou/20570
7f97bd184000-7f97bd185000 rw-p 00000000 00:00 0 
7f97bd185000-7f97bd186000 ---p 00000000 00:00 0 
7f97bd186000-7f97bd188000 rw-p 00000000 00:00 0 
7f97bd188000-7f97bd189000 r--p 00025000 08:05 138298                     /lib/x86_64-linux-gnu/ld-2.23.so
7f97bd189000-7f97bd18a000 rw-p 00026000 08:05 138298                     /lib/x86_64-linux-gnu/ld-2.23.so
7f97bd18a000-7f97bd18b000 rw-p 00000000 00:00 0 
7ffe92775000-7ffe92797000 rw-p 00000000 00:00 0                          [stack]
7ffe927fa000-7ffe927fc000 r--p 00000000 00:00 0                          [vvar]
7ffe927fc000-7ffe927fe000 r-xp 00000000 00:00 0                          [vdso]
ffffffffff600000-ffffffffff601000 r-xp 00000000 00:00 0                  [vsyscall]

VM Arguments:
jvm_args: -Djava.awt.headless=true -Xmx1024M -Dfile.encoding=UTF-8 -Duser.country=US -Duser.language=en -Duser.variant 
java_command: com.android.dx.command.Main --dex --force-jumbo --num-threads=4 --multi-dex --output /home/mr-mou/Desktop/NoterApp-master/app/build/intermediates/transforms/dex/debug/folders/1000/5/slice_4 /home/mr-mou/Desktop/NoterApp-master/app/build/intermediates/transforms/instantRunSlicer/debug/folders/1/5/slice_4
java_class_path (initial): /home/mr-mou/Android/Sdk/build-tools/25.0.0/lib/dx.jar
Launcher Type: SUN_STANDARD

Environment Variables:
PATH=/home/mr-mou/bin:/home/mr-mou/.local/bin:/usr/local/sbin:/usr/local/bin:/usr/sbin:/usr/bin:/sbin:/bin:/usr/games:/usr/local/games:/snap/bin
LD_LIBRARY_PATH=.:
SHELL=/bin/bash
DISPLAY=:0

Signal Handlers:
SIGSEGV: [libjvm.so+0x9e5150], sa_mask[0]=11111111011111111101111111111110, sa_flags=SA_RESTART|SA_SIGINFO
SIGBUS: [libjvm.so+0x9e5150], sa_mask[0]=11111111011111111101111111111110, sa_flags=SA_RESTART|SA_SIGINFO
SIGFPE: [libjvm.so+0x848450], sa_mask[0]=11111111011111111101111111111110, sa_flags=SA_RESTART|SA_SIGINFO
SIGPIPE: [libjvm.so+0x848450], sa_mask[0]=11111111011111111101111111111110, sa_flags=SA_RESTART|SA_SIGINFO
SIGXFSZ: [libjvm.so+0x848450], sa_mask[0]=11111111011111111101111111111110, sa_flags=SA_RESTART|SA_SIGINFO
SIGILL: [libjvm.so+0x848450], sa_mask[0]=11111111011111111101111111111110, sa_flags=SA_RESTART|SA_SIGINFO
SIGUSR1: SIG_DFL, sa_mask[0]=00000000000000000000000000000000, sa_flags=none
SIGUSR2: [libjvm.so+0x848320], sa_mask[0]=00100000000000000000000000000000, sa_flags=SA_RESTART|SA_SIGINFO
SIGHUP: [libjvm.so+0x848510], sa_mask[0]=11111111011111111101111111111110, sa_flags=SA_RESTART|SA_SIGINFO
SIGINT: [libjvm.so+0x848510], sa_mask[0]=11111111011111111101111111111110, sa_flags=SA_RESTART|SA_SIGINFO
SIGTERM: [libjvm.so+0x848510], sa_mask[0]=11111111011111111101111111111110, sa_flags=SA_RESTART|SA_SIGINFO
SIGQUIT: [libjvm.so+0x848510], sa_mask[0]=11111111011111111101111111111110, sa_flags=SA_RESTART|SA_SIGINFO


---------------  S Y S T E M  ---------------

OS:DISTRIB_ID=Ubuntu
DISTRIB_RELEASE=16.04
DISTRIB_CODENAME=xenial
DISTRIB_DESCRIPTION="Ubuntu 16.04.2 LTS"

uname:Linux 4.8.0-46-generic #49~16.04.1-Ubuntu SMP Fri Mar 31 14:51:03 UTC 2017 x86_64
libc:glibc 2.23 NPTL 2.23 
rlimit: STACK 8192k, CORE 0k, NPROC 27542, NOFILE 65536, AS infinity
load average:0.88 0.74 0.79

/proc/meminfo:
MemTotal:        7093400 kB
MemFree:          121612 kB
MemAvailable:      70976 kB
Buffers:            6368 kB
Cached:          1005076 kB
SwapCached:            0 kB
Active:          5804380 kB
Inactive:         955024 kB
Active(anon):    5749260 kB
Inactive(anon):   899984 kB
Active(file):      55120 kB
Inactive(file):    55040 kB
Unevictable:          48 kB
Mlocked:              48 kB
SwapTotal:             0 kB
SwapFree:              0 kB
Dirty:              2648 kB
Writeback:             0 kB
AnonPages:       5748112 kB
Mapped:           284520 kB
Shmem:            901220 kB
Slab:              99364 kB
SReclaimable:      58356 kB
SUnreclaim:        41008 kB
KernelStack:       10960 kB
PageTables:        45648 kB
NFS_Unstable:          0 kB
Bounce:                0 kB
WritebackTmp:          0 kB
CommitLimit:     3546700 kB
Committed_AS:    9629180 kB
VmallocTotal:   34359738367 kB
VmallocUsed:           0 kB
VmallocChunk:          0 kB
HardwareCorrupted:     0 kB
AnonHugePages:   3205120 kB
ShmemHugePages:        0 kB
ShmemPmdMapped:        0 kB
CmaTotal:              0 kB
CmaFree:               0 kB
HugePages_Total:       0
HugePages_Free:        0
HugePages_Rsvd:        0
HugePages_Surp:        0
Hugepagesize:       2048 kB
DirectMap4k:      110660 kB
DirectMap2M:     5083136 kB
DirectMap1G:     3145728 kB


CPU:total 4 (4 cores per cpu, 1 threads per core) family 6 model 60 stepping 3, cmov, cx8, fxsr, mmx, sse, sse2, sse3, ssse3, sse4.1, sse4.2, popcnt, avx, avx2, aes, clmul, erms, lzcnt, tsc, tscinvbit, bmi1, bmi2

/proc/cpuinfo:
processor	: 0
vendor_id	: GenuineIntel
cpu family	: 6
model		: 60
model name	: Intel(R) Core(TM) i5-4460  CPU @ 3.20GHz
stepping	: 3
microcode	: 0x1e
cpu MHz		: 2712.500
cache size	: 6144 KB
physical id	: 0
siblings	: 4
core id		: 0
cpu cores	: 4
apicid		: 0
initial apicid	: 0
fpu		: yes
fpu_exception	: yes
cpuid level	: 13
wp		: yes
flags		: fpu vme de pse tsc msr pae mce cx8 apic sep mtrr pge mca cmov pat pse36 clflush dts acpi mmx fxsr sse sse2 ss ht tm pbe syscall nx pdpe1gb rdtscp lm constant_tsc arch_perfmon pebs bts rep_good nopl xtopology nonstop_tsc aperfmperf eagerfpu pni pclmulqdq dtes64 monitor ds_cpl vmx est tm2 ssse3 sdbg fma cx16 xtpr pdcm pcid sse4_1 sse4_2 x2apic movbe popcnt tsc_deadline_timer aes xsave avx f16c rdrand lahf_lm abm tpr_shadow vnmi flexpriority ept vpid fsgsbase tsc_adjust bmi1 avx2 smep bmi2 erms invpcid xsaveopt dtherm ida arat pln pts
bugs		:
bogomips	: 6385.42
clflush size	: 64
cache_alignment	: 64
address sizes	: 39 bits physical, 48 bits virtual
power management:

processor	: 1
vendor_id	: GenuineIntel
cpu family	: 6
model		: 60
model name	: Intel(R) Core(TM) i5-4460  CPU @ 3.20GHz
stepping	: 3
microcode	: 0x1e
cpu MHz		: 2955.468
cache size	: 6144 KB
physical id	: 0
siblings	: 4
core id		: 1
cpu cores	: 4
apicid		: 2
initial apicid	: 2
fpu		: yes
fpu_exception	: yes
cpuid level	: 13
wp		: yes
flags		: fpu vme de pse tsc msr pae mce cx8 apic sep mtrr pge mca cmov pat pse36 clflush dts acpi mmx fxsr sse sse2 ss ht tm pbe syscall nx pdpe1gb rdtscp lm constant_tsc arch_perfmon pebs bts rep_good nopl xtopology nonstop_tsc aperfmperf eagerfpu pni pclmulqdq dtes64 monitor ds_cpl vmx est tm2 ssse3 sdbg fma cx16 xtpr pdcm pcid sse4_1 sse4_2 x2apic movbe popcnt tsc_deadline_timer aes xsave avx f16c rdrand lahf_lm abm tpr_shadow vnmi flexpriority ept vpid fsgsbase tsc_adjust bmi1 avx2 smep bmi2 erms invpcid xsaveopt dtherm ida arat pln pts
bugs		:
bogomips	: 6385.42
clflush size	: 64
cache_alignment	: 64
address sizes	: 39 bits physical, 48 bits virtual
power management:

processor	: 2
vendor_id	: GenuineIntel
cpu family	: 6
model		: 60
model name	: Intel(R) Core(TM) i5-4460  CPU @ 3.20GHz
stepping	: 3
microcode	: 0x1e
cpu MHz		: 3200.000
cache size	: 6144 KB
physical id	: 0
siblings	: 4
core id		: 2
cpu cores	: 4
apicid		: 4
initial apicid	: 4
fpu		: yes
fpu_exception	: yes
cpuid level	: 13
wp		: yes
flags		: fpu vme de pse tsc msr pae mce cx8 apic sep mtrr pge mca cmov pat pse36 clflush dts acpi mmx fxsr sse sse2 ss ht tm pbe syscall nx pdpe1gb rdtscp lm constant_tsc arch_perfmon pebs bts rep_good nopl xtopology nonstop_tsc aperfmperf eagerfpu pni pclmulqdq dtes64 monitor ds_cpl vmx est tm2 ssse3 sdbg fma cx16 xtpr pdcm pcid sse4_1 sse4_2 x2apic movbe popcnt tsc_deadline_timer aes xsave avx f16c rdrand lahf_lm abm tpr_shadow vnmi flexpriority ept vpid fsgsbase tsc_adjust bmi1 avx2 smep bmi2 erms invpcid xsaveopt dtherm ida arat pln pts
bugs		:
bogomips	: 6385.42
clflush size	: 64
cache_alignment	: 64
address sizes	: 39 bits physical, 48 bits virtual
power management:

processor	: 3
vendor_id	: GenuineIntel
cpu family	: 6
model		: 60
model name	: Intel(R) Core(TM) i5-4460  CPU @ 3.20GHz
stepping	: 3
microcode	: 0x1e
cpu MHz		: 3150.195
cache size	: 6144 KB
physical id	: 0
siblings	: 4
core id		: 3
cpu cores	: 4
apicid		: 6
initial apicid	: 6
fpu		: yes
fpu_exception	: yes
cpuid level	: 13
wp		: yes
flags		: fpu vme de pse tsc msr pae mce cx8 apic sep mtrr pge mca cmov pat pse36 clflush dts acpi mmx fxsr sse sse2 ss ht tm pbe syscall nx pdpe1gb rdtscp lm constant_tsc arch_perfmon pebs bts rep_good nopl xtopology nonstop_tsc aperfmperf eagerfpu pni pclmulqdq dtes64 monitor ds_cpl vmx est tm2 ssse3 sdbg fma cx16 xtpr pdcm pcid sse4_1 sse4_2 x2apic movbe popcnt tsc_deadline_timer aes xsave avx f16c rdrand lahf_lm abm tpr_shadow vnmi flexpriority ept vpid fsgsbase tsc_adjust bmi1 avx2 smep bmi2 erms invpcid xsaveopt dtherm ida arat pln pts
bugs		:
bogomips	: 6385.42
clflush size	: 64
cache_alignment	: 64
address sizes	: 39 bits physical, 48 bits virtual
power management:



Memory: 4k page, physical 7093400k(121612k free), swap 0k(0k free)

vm_info: OpenJDK 64-Bit Server VM (25.112-b06) for linux-amd64 JRE (1.8.0_112-release-b06), built on Dec  6 2016 12:11:18 by "builder" with gcc 4.8.4

time: Sat Apr 22 04:24:22 2017
elapsed time: 2 seconds (0d 0h 0m 2s)

